<?xml version="1.0" encoding="UTF-8"?>
<!-- Generated by org.testng.reporters.JUnitXMLReporter -->
<testsuite hostname="SSC-IS182" ignored="6" name="Default test" tests="1" failures="0" timestamp="27 Apr 2022 14:59:15 GMT" time="12.431" errors="0">
  <testcase name="loginToHudlTest" time="12.399" classname="tests.HudlLoginTests"/>
  <testcase name="loginToHudlWithInvalidPasswordTest" time="0.0" classname="tests.HudlLoginTests">
    <ignored/>
  </testcase> <!-- loginToHudlWithInvalidPasswordTest -->
  <testcase name="loginToHudlWithBlankEmailBlankPasswordTest" time="0.0" classname="tests.HudlLoginTests">
    <ignored/>
  </testcase> <!-- loginToHudlWithBlankEmailBlankPasswordTest -->
  <testcase name="logOutOfHudlTest" time="0.0" classname="tests.HudlLoginTests">
    <ignored/>
  </testcase> <!-- logOutOfHudlTest -->
  <testcase name="verifyLogIntoHudlWithOrganziationFunctionalityTest" time="0.0" classname="tests.HudlLoginTests">
    <ignored/>
  </testcase> <!-- verifyLogIntoHudlWithOrganziationFunctionalityTest -->
  <testcase name="loginToHudlWithInvalidEmailTest" time="0.0" classname="tests.HudlLoginTests">
    <ignored/>
  </testcase> <!-- loginToHudlWithInvalidEmailTest -->
  <testcase name="verifyNeedHelpButtonFunctionalityTest" time="0.0" classname="tests.HudlLoginTests">
    <ignored/>
  </testcase> <!-- verifyNeedHelpButtonFunctionalityTest -->
</testsuite> <!-- Default test -->
