<?xml version="1.0" encoding="UTF-8"?>
<!-- Generated by org.testng.reporters.JUnitXMLReporter -->
<testsuite hostname="SSC-IS182" ignored="5" name="Default test" tests="1" failures="0" timestamp="26 Apr 2022 17:49:54 GMT" time="12.231" errors="0">
  <testcase name="loginToHudlTest" time="12.193" classname="tests.HudlSmokeTests"/>
  <testcase name="verifyLogIntoHudlWithOrganziationFunctionalityTest" time="0.0" classname="tests.HudlSmokeTests">
    <ignored/>
  </testcase> <!-- verifyLogIntoHudlWithOrganziationFunctionalityTest -->
  <testcase name="loginToHudlWithInvalidEmailTest" time="0.0" classname="tests.HudlSmokeTests">
    <ignored/>
  </testcase> <!-- loginToHudlWithInvalidEmailTest -->
  <testcase name="loginToHudlWithInvalidPasswordTest" time="0.0" classname="tests.HudlSmokeTests">
    <ignored/>
  </testcase> <!-- loginToHudlWithInvalidPasswordTest -->
  <testcase name="verifyNeedHelpButtonFunctionalityTest" time="0.0" classname="tests.HudlSmokeTests">
    <ignored/>
  </testcase> <!-- verifyNeedHelpButtonFunctionalityTest -->
  <testcase name="loginToHudlWithBlankEmailBlankPasswordTest" time="0.0" classname="tests.HudlSmokeTests">
    <ignored/>
  </testcase> <!-- loginToHudlWithBlankEmailBlankPasswordTest -->
</testsuite> <!-- Default test -->
