<?xml version="1.0" encoding="UTF-8"?>
<testng-results skipped="0" failed="0" ignored="5" total="6" passed="1">
  <reporter-output>
  </reporter-output>
  <suite name="Default suite" duration-ms="12231" started-at="2022-04-26T17:49:42Z" finished-at="2022-04-26T17:49:54Z">
    <groups>
    </groups>
    <test name="Default test" duration-ms="12231" started-at="2022-04-26T17:49:42Z" finished-at="2022-04-26T17:49:54Z">
      <class name="tests.HudlSmokeTests">
        <test-method status="PASS" signature="setup()[pri:0, instance:tests.HudlSmokeTests@148080bb]" name="setup" is-config="true" duration-ms="6067" started-at="2022-04-26T17:49:36Z" finished-at="2022-04-26T17:49:42Z">
          <reporter-output>
          </reporter-output>
        </test-method> <!-- setup -->
        <test-method status="PASS" signature="loginToHudlTest()[pri:0, instance:tests.HudlSmokeTests@148080bb]" name="loginToHudlTest" duration-ms="12193" started-at="2022-04-26T17:49:42Z" finished-at="2022-04-26T17:49:54Z">
          <reporter-output>
          </reporter-output>
        </test-method> <!-- loginToHudlTest -->
        <test-method status="PASS" signature="myOrdertearDown()[pri:0, instance:tests.HudlSmokeTests@148080bb]" name="myOrdertearDown" is-config="true" duration-ms="752" started-at="2022-04-26T17:49:54Z" finished-at="2022-04-26T17:49:55Z">
          <reporter-output>
          </reporter-output>
        </test-method> <!-- myOrdertearDown -->
      </class> <!-- tests.HudlSmokeTests -->
    </test> <!-- Default test -->
  </suite> <!-- Default suite -->
</testng-results>
